<?xml version="1.0" encoding="UTF-8"?>
<testsuite xmlns:xsi="http://www.w3.org/2001/XMLSchema-instance" xsi:noNamespaceSchemaLocation="https://maven.apache.org/surefire/maven-surefire-plugin/xsd/surefire-test-report.xsd" name="TestSuite" time="16.732" tests="4" errors="0" skipped="0" failures="2">
  <properties>
[...]
</properties>
  <testcase name="testAddTypeParamProduct" classname="tests.AddTypeParamProductTests" time="2.621">
    <failure message="expected [18] but found [17]" type="java.lang.AssertionError">java.lang.AssertionError: expected [18] but found [17]
	at tests.AddTypeParamProductTests.testAddTypeParamProduct(AddTypeParamProductTests.java:42)
</failure>
    <system-out><![CDATA[11:18:55.224 [main] INFO  tests.TestBase - Start test testAddTypeParamProductwith parameters[note, РџСЂРёРјРµС‡Р°РЅРёРµ, string,  ]
]]></system-out>
    <system-err><![CDATA[Starting ChromeDriver 2.37.544315 (730aa6a5fdba159ac9f4c1e8cbc59bf1b5ce12b7) on port 14102
Only local connections are allowed.
апр 26, 2018 11:18:53 AM org.openqa.selenium.remote.ProtocolHandshake createSession
INFO: Detected dialect: OSS
Thu Apr 26 11:18:55 ICT 2018 WARN: Establishing SSL connection without server's identity verification is not recommended. According to MySQL 5.5.45+, 5.6.26+ and 5.7.6+ requirements SSL connection must be established by default if explicit option isn't set. For compliance with existing applications not using SSL the verifyServerCertificate property is set to 'false'. You need either to explicitly disable SSL by setting useSSL=false, or set useSSL=true and provide truststore for server certificate verification.
Thu Apr 26 11:18:57 ICT 2018 WARN: Establishing SSL connection without server's identity verification is not recommended. According to MySQL 5.5.45+, 5.6.26+ and 5.7.6+ requirements SSL connection must be established by default if explicit option isn't set. For compliance with existing applications not using SSL the verifyServerCertificate property is set to 'false'. You need either to explicitly disable SSL by setting useSSL=false, or set useSSL=true and provide truststore for server certificate verification.
]]></system-err>
  </testcase>
  <testcase name="testAddTypeParamProduct" classname="tests.AddTypeParamProductTests" time="2.316">
    <failure message="expected [18] but found [17]" type="java.lang.AssertionError">java.lang.AssertionError: expected [18] but found [17]
	at tests.AddTypeParamProductTests.testAddTypeParamProduct(AddTypeParamProductTests.java:42)
</failure>
    <system-out><![CDATA[11:18:57.847 [main] INFO  tests.TestBase - Stop test testAddTypeParamProduct
11:18:57.847 [main] INFO  tests.TestBase - Start test testAddTypeParamProductwith parameters[rateStructSH, РЎС‚СЂСѓРєС‚СѓСЂР° РїСЂРѕС†РµРЅС‚РЅС‹С… СЃС‚Р°РІРѕРє Р±/Сѓ Р°РІС‚Рѕ, struct,  ]
]]></system-out>
    <system-err><![CDATA[Thu Apr 26 11:18:57 ICT 2018 WARN: Establishing SSL connection without server's identity verification is not recommended. According to MySQL 5.5.45+, 5.6.26+ and 5.7.6+ requirements SSL connection must be established by default if explicit option isn't set. For compliance with existing applications not using SSL the verifyServerCertificate property is set to 'false'. You need either to explicitly disable SSL by setting useSSL=false, or set useSSL=true and provide truststore for server certificate verification.
Thu Apr 26 11:19:00 ICT 2018 WARN: Establishing SSL connection without server's identity verification is not recommended. According to MySQL 5.5.45+, 5.6.26+ and 5.7.6+ requirements SSL connection must be established by default if explicit option isn't set. For compliance with existing applications not using SSL the verifyServerCertificate property is set to 'false'. You need either to explicitly disable SSL by setting useSSL=false, or set useSSL=true and provide truststore for server certificate verification.
]]></system-err>
  </testcase>
  <testcase name="testRemoveTypeParamWithoutProduct" classname="tests.RemoveTypeParamProductTests" time="0.852"/>
  <testcase name="testAddProductLevelOne" classname="tests.AddProductTests" time="5.473"/>
</testsuite>